2017-05-01 17:52:44,395 [Worker-6] INFO  o.e.m.c.i.l.LifecycleMappingFactory - Using org.eclipse.m2e.jdt.JarLifecycleMapping lifecycle mapping for MavenProject: org.alba.ist:Eboutique:0.0.1-SNAPSHOT @ C:\Users\Fode\WorsktationTest\JPA\pom.xml.
2017-05-01 17:53:22,960 [Worker-2] INFO  o.e.m.c.i.embedder.EclipseLogger - Using 'UTF-8' encoding to copy filtered resources.
2017-05-01 17:53:23,099 [Worker-2] INFO  o.e.m.c.i.embedder.EclipseLogger - Copying 1 resource
2017-05-01 17:53:23,129 [Worker-2] INFO  o.e.m.c.i.embedder.EclipseLogger - Copying 0 resource
2017-05-01 17:53:23,138 [Worker-2] INFO  o.e.m.c.i.embedder.EclipseLogger - Using 'UTF-8' encoding to copy filtered resources.
2017-05-01 17:53:23,138 [Worker-2] INFO  o.e.m.c.i.embedder.EclipseLogger - skip non existing resourceDirectory C:\Users\Fode\WorsktationTest\JPA\src\test\resources
2017-05-01 18:01:01,411 [Start Help Server] INFO  org.eclipse.jetty.server.Server - jetty-8.1.16.v20140903
2017-05-01 18:01:01,568 [Start Help Server] INFO  o.e.jetty.server.AbstractConnector - Started SelectChannelConnector@127.0.0.1:50307
2017-05-01 18:01:14,438 [qtp14744792-72] WARN  o.eclipse.jetty.http.HttpGenerator - Ignoring extra content 



2017-05-01 20:14:33,564 [Worker-31] INFO  o.e.m.c.i.l.LifecycleMappingFactory - Using org.maven.ide.eclipse.wtp.WarLifecycleMapping lifecycle mapping for MavenProject: org.alba:boutique:1.0.0-BUILD-SNAPSHOT @ C:\Users\Fode\WorsktationTest\EBoutique\pom.xml.
2017-05-01 20:14:51,070 [Worker-31] WARN  o.e.m.c.i.embedder.EclipseLogger - Using platform encoding (Cp1252 actually) to copy filtered resources, i.e. build is platform dependent!
2017-05-01 20:14:51,104 [Worker-31] INFO  o.e.m.c.i.embedder.EclipseLogger - Copying 1 resource
2017-05-01 20:14:51,136 [Worker-31] WARN  o.e.m.c.i.embedder.EclipseLogger - Using platform encoding (Cp1252 actually) to copy filtered resources, i.e. build is platform dependent!
2017-05-01 20:14:51,139 [Worker-31] INFO  o.e.m.c.i.embedder.EclipseLogger - Copying 1 resource
2017-05-01 20:14:56,287 [Worker-30] WARN  o.e.m.c.i.embedder.EclipseLogger - Using platform encoding (Cp1252 actually) to copy filtered resources, i.e. build is platform dependent!
2017-05-01 20:14:56,302 [Worker-30] INFO  o.e.m.c.i.embedder.EclipseLogger - Copying 1 resource
2017-05-01 20:14:56,316 [Worker-30] WARN  o.e.m.c.i.embedder.EclipseLogger - Using platform encoding (Cp1252 actually) to copy filtered resources, i.e. build is platform dependent!
2017-05-01 20:14:56,321 [Worker-30] INFO  o.e.m.c.i.embedder.EclipseLogger - Copying 1 resource
2017-05-01 20:16:13,092 [Worker-34] WARN  o.e.m.c.i.embedder.EclipseLogger - Using platform encoding (Cp1252 actually) to copy filtered resources, i.e. build is platform dependent!
2017-05-01 20:16:13,095 [Worker-34] INFO  o.e.m.c.i.embedder.EclipseLogger - Copying 0 resource
2017-05-01 20:16:13,098 [Worker-34] WARN  o.e.m.c.i.embedder.EclipseLogger - Using platform encoding (Cp1252 actually) to copy filtered resources, i.e. build is platform dependent!
2017-05-01 20:16:13,165 [Worker-34] INFO  o.e.m.c.i.embedder.EclipseLogger - Copying 0 resource
2017-05-01 20:18:13,824 [Worker-35] WARN  o.e.m.c.i.embedder.EclipseLogger - Using platform encoding (Cp1252 actually) to copy filtered resources, i.e. build is platform dependent!
2017-05-01 20:18:13,830 [Worker-35] INFO  o.e.m.c.i.embedder.EclipseLogger - Copying 1 resource
2017-05-01 20:18:13,835 [Worker-35] WARN  o.e.m.c.i.embedder.EclipseLogger - Using platform encoding (Cp1252 actually) to copy filtered resources, i.e. build is platform dependent!
2017-05-01 20:18:13,838 [Worker-35] INFO  o.e.m.c.i.embedder.EclipseLogger - Copying 0 resource
2017-05-01 20:21:09,917 [Worker-32] WARN  o.e.m.c.i.embedder.EclipseLogger - Using platform encoding (Cp1252 actually) to copy filtered resources, i.e. build is platform dependent!
2017-05-01 20:21:09,922 [Worker-32] INFO  o.e.m.c.i.embedder.EclipseLogger - Copying 1 resource
2017-05-01 20:21:09,928 [Worker-32] WARN  o.e.m.c.i.embedder.EclipseLogger - Using platform encoding (Cp1252 actually) to copy filtered resources, i.e. build is platform dependent!
2017-05-01 20:21:09,931 [Worker-32] INFO  o.e.m.c.i.embedder.EclipseLogger - Copying 0 resource
2017-05-01 20:23:40,092 [Worker-34] WARN  o.e.m.c.i.embedder.EclipseLogger - Using platform encoding (Cp1252 actually) to copy filtered resources, i.e. build is platform dependent!
2017-05-01 20:23:40,098 [Worker-34] INFO  o.e.m.c.i.embedder.EclipseLogger - Copying 1 resource
2017-05-01 20:23:40,104 [Worker-34] WARN  o.e.m.c.i.embedder.EclipseLogger - Using platform encoding (Cp1252 actually) to copy filtered resources, i.e. build is platform dependent!
2017-05-01 20:23:40,108 [Worker-34] INFO  o.e.m.c.i.embedder.EclipseLogger - Copying 0 resource
2017-05-01 20:56:58,953 [Worker-10] INFO  o.e.m.c.i.l.LifecycleMappingFactory - Using org.maven.ide.eclipse.wtp.WarLifecycleMapping lifecycle mapping for MavenProject: org.alba:boutique:1.0.0-BUILD-SNAPSHOT @ C:\Users\Fode\WorsktationTest\EBoutique\pom.xml.
2017-05-01 20:57:08,610 [Worker-3] INFO  o.e.m.c.i.l.LifecycleMappingFactory - Using org.maven.ide.eclipse.wtp.WarLifecycleMapping lifecycle mapping for MavenProject: org.alba:boutique:1.0.0-BUILD-SNAPSHOT @ C:\Users\Fode\WorsktationTest\EBoutique\pom.xml.
2017-05-01 20:57:13,972 [Worker-3] WARN  o.e.m.c.i.embedder.EclipseLogger - Using platform encoding (Cp1252 actually) to copy filtered resources, i.e. build is platform dependent!
2017-05-01 20:57:14,057 [Worker-3] INFO  o.e.m.c.i.embedder.EclipseLogger - Copying 1 resource
2017-05-01 20:57:14,108 [Worker-3] WARN  o.e.m.c.i.embedder.EclipseLogger - Using platform encoding (Cp1252 actually) to copy filtered resources, i.e. build is platform dependent!
2017-05-01 20:57:14,112 [Worker-3] INFO  o.e.m.c.i.embedder.EclipseLogger - Copying 1 resource
2017-05-01 20:57:16,145 [Worker-1] INFO  o.e.m.c.i.l.LifecycleMappingFactory - Using org.maven.ide.eclipse.wtp.WarLifecycleMapping lifecycle mapping for MavenProject: org.alba:boutique:1.0.0-BUILD-SNAPSHOT @ C:\Users\Fode\WorsktationTest\EBoutique\pom.xml.
2017-05-01 20:57:18,225 [Worker-11] WARN  o.e.m.c.i.embedder.EclipseLogger - Using platform encoding (Cp1252 actually) to copy filtered resources, i.e. build is platform dependent!
2017-05-01 20:57:18,230 [Worker-11] INFO  o.e.m.c.i.embedder.EclipseLogger - Copying 0 resource
2017-05-01 20:57:18,234 [Worker-11] WARN  o.e.m.c.i.embedder.EclipseLogger - Using platform encoding (Cp1252 actually) to copy filtered resources, i.e. build is platform dependent!
2017-05-01 20:57:18,235 [Worker-11] INFO  o.e.m.c.i.embedder.EclipseLogger - Copying 0 resource
2017-05-01 21:24:18,600 [Worker-0] INFO  o.e.m.c.i.l.LifecycleMappingFactory - Using org.maven.ide.eclipse.wtp.WarLifecycleMapping lifecycle mapping for MavenProject: org.alba:boutique:1.0.0-BUILD-SNAPSHOT @ C:\Users\Fode\WorsktationTest\EBoutique\pom.xml.
2017-05-01 21:24:40,409 [Worker-5] WARN  o.e.m.c.i.embedder.EclipseLogger - Using platform encoding (Cp1252 actually) to copy filtered resources, i.e. build is platform dependent!
2017-05-01 21:24:40,425 [Worker-5] INFO  o.e.m.c.i.embedder.EclipseLogger - Copying 1 resource
2017-05-01 21:24:40,456 [Worker-5] WARN  o.e.m.c.i.embedder.EclipseLogger - Using platform encoding (Cp1252 actually) to copy filtered resources, i.e. build is platform dependent!
2017-05-01 21:24:40,471 [Worker-5] INFO  o.e.m.c.i.embedder.EclipseLogger - Copying 1 resource
2017-05-01 21:24:43,763 [Worker-7] WARN  o.e.m.c.i.embedder.EclipseLogger - Using platform encoding (Cp1252 actually) to copy filtered resources, i.e. build is platform dependent!
2017-05-01 21:24:43,763 [Worker-7] INFO  o.e.m.c.i.embedder.EclipseLogger - Copying 1 resource
2017-05-01 21:24:43,779 [Worker-7] WARN  o.e.m.c.i.embedder.EclipseLogger - Using platform encoding (Cp1252 actually) to copy filtered resources, i.e. build is platform dependent!
2017-05-01 21:24:43,779 [Worker-7] INFO  o.e.m.c.i.embedder.EclipseLogger - Copying 1 resource
2017-05-01 21:37:45,101 [Worker-0] INFO  o.e.m.c.i.l.LifecycleMappingFactory - Using org.maven.ide.eclipse.wtp.WarLifecycleMapping lifecycle mapping for MavenProject: org.alba:boutique:1.0.0-BUILD-SNAPSHOT @ C:\Users\Fode\WorsktationTest\EBoutique\pom.xml.
2017-05-01 21:38:20,002 [Worker-0] WARN  o.e.m.c.i.embedder.EclipseLogger - Using platform encoding (Cp1252 actually) to copy filtered resources, i.e. build is platform dependent!
2017-05-01 21:38:20,017 [Worker-0] INFO  o.e.m.c.i.embedder.EclipseLogger - Copying 1 resource
2017-05-01 21:38:20,095 [Worker-0] WARN  o.e.m.c.i.embedder.EclipseLogger - Using platform encoding (Cp1252 actually) to copy filtered resources, i.e. build is platform dependent!
2017-05-01 21:38:20,095 [Worker-0] INFO  o.e.m.c.i.embedder.EclipseLogger - Copying 1 resource
2017-05-01 22:25:19,073 [Worker-20] WARN  o.e.m.c.i.embedder.EclipseLogger - Using platform encoding (Cp1252 actually) to copy filtered resources, i.e. build is platform dependent!
2017-05-01 22:25:19,104 [Worker-20] INFO  o.e.m.c.i.embedder.EclipseLogger - Copying 1 resource
2017-05-01 22:25:19,135 [Worker-20] WARN  o.e.m.c.i.embedder.EclipseLogger - Using platform encoding (Cp1252 actually) to copy filtered resources, i.e. build is platform dependent!
2017-05-01 22:25:19,135 [Worker-20] INFO  o.e.m.c.i.embedder.EclipseLogger - Copying 1 resource
2017-05-01 22:39:19,627 [Worker-0] WARN  o.e.m.c.i.embedder.EclipseLogger - Using platform encoding (Cp1252 actually) to copy filtered resources, i.e. build is platform dependent!
2017-05-01 22:39:19,656 [Worker-0] INFO  o.e.m.c.i.embedder.EclipseLogger - Copying 1 resource
2017-05-01 22:39:19,671 [Worker-0] WARN  o.e.m.c.i.embedder.EclipseLogger - Using platform encoding (Cp1252 actually) to copy filtered resources, i.e. build is platform dependent!
2017-05-01 22:39:19,760 [Worker-0] INFO  o.e.m.c.i.embedder.EclipseLogger - Copying 1 resource
2017-05-01 22:56:38,539 [Worker-0] WARN  o.e.m.c.i.embedder.EclipseLogger - Using platform encoding (Cp1252 actually) to copy filtered resources, i.e. build is platform dependent!
2017-05-01 22:56:38,552 [Worker-0] INFO  o.e.m.c.i.embedder.EclipseLogger - Copying 1 resource
2017-05-01 22:56:38,562 [Worker-0] WARN  o.e.m.c.i.embedder.EclipseLogger - Using platform encoding (Cp1252 actually) to copy filtered resources, i.e. build is platform dependent!
2017-05-01 22:56:38,564 [Worker-0] INFO  o.e.m.c.i.embedder.EclipseLogger - Copying 1 resource
2017-05-01 23:02:36,907 [Worker-26] WARN  o.e.m.c.i.embedder.EclipseLogger - Using platform encoding (Cp1252 actually) to copy filtered resources, i.e. build is platform dependent!
2017-05-01 23:02:36,951 [Worker-26] INFO  o.e.m.c.i.embedder.EclipseLogger - Copying 1 resource
2017-05-01 23:02:36,957 [Worker-26] WARN  o.e.m.c.i.embedder.EclipseLogger - Using platform encoding (Cp1252 actually) to copy filtered resources, i.e. build is platform dependent!
2017-05-01 23:02:36,959 [Worker-26] INFO  o.e.m.c.i.embedder.EclipseLogger - Copying 0 resource
2017-05-01 23:07:52,778 [Worker-25] WARN  o.e.m.c.i.embedder.EclipseLogger - Using platform encoding (Cp1252 actually) to copy filtered resources, i.e. build is platform dependent!
2017-05-01 23:07:52,782 [Worker-25] INFO  o.e.m.c.i.embedder.EclipseLogger - Copying 1 resource
2017-05-01 23:07:52,787 [Worker-25] WARN  o.e.m.c.i.embedder.EclipseLogger - Using platform encoding (Cp1252 actually) to copy filtered resources, i.e. build is platform dependent!
2017-05-01 23:07:52,789 [Worker-25] INFO  o.e.m.c.i.embedder.EclipseLogger - Copying 0 resource
2017-05-01 23:07:55,469 [Worker-34] WARN  o.e.m.c.i.embedder.EclipseLogger - Using platform encoding (Cp1252 actually) to copy filtered resources, i.e. build is platform dependent!
2017-05-01 23:07:55,475 [Worker-34] INFO  o.e.m.c.i.embedder.EclipseLogger - Copying 1 resource
2017-05-01 23:07:55,479 [Worker-34] WARN  o.e.m.c.i.embedder.EclipseLogger - Using platform encoding (Cp1252 actually) to copy filtered resources, i.e. build is platform dependent!
2017-05-01 23:07:55,481 [Worker-34] INFO  o.e.m.c.i.embedder.EclipseLogger - Copying 0 resource
2017-05-01 23:08:14,066 [Worker-34] WARN  o.e.m.c.i.embedder.EclipseLogger - Using platform encoding (Cp1252 actually) to copy filtered resources, i.e. build is platform dependent!
2017-05-01 23:08:14,074 [Worker-34] INFO  o.e.m.c.i.embedder.EclipseLogger - Copying 1 resource
2017-05-01 23:08:14,080 [Worker-34] WARN  o.e.m.c.i.embedder.EclipseLogger - Using platform encoding (Cp1252 actually) to copy filtered resources, i.e. build is platform dependent!
2017-05-01 23:08:14,082 [Worker-34] INFO  o.e.m.c.i.embedder.EclipseLogger - Copying 0 resource
2017-05-01 23:08:36,283 [Worker-33] WARN  o.e.m.c.i.embedder.EclipseLogger - Using platform encoding (Cp1252 actually) to copy filtered resources, i.e. build is platform dependent!
2017-05-01 23:08:36,290 [Worker-33] INFO  o.e.m.c.i.embedder.EclipseLogger - Copying 1 resource
2017-05-01 23:08:36,295 [Worker-33] WARN  o.e.m.c.i.embedder.EclipseLogger - Using platform encoding (Cp1252 actually) to copy filtered resources, i.e. build is platform dependent!
2017-05-01 23:08:36,298 [Worker-33] INFO  o.e.m.c.i.embedder.EclipseLogger - Copying 0 resource
2017-05-01 23:09:02,323 [Worker-19] WARN  o.e.m.c.i.embedder.EclipseLogger - Using platform encoding (Cp1252 actually) to copy filtered resources, i.e. build is platform dependent!
2017-05-01 23:09:02,327 [Worker-19] INFO  o.e.m.c.i.embedder.EclipseLogger - Copying 1 resource
2017-05-01 23:09:02,331 [Worker-19] WARN  o.e.m.c.i.embedder.EclipseLogger - Using platform encoding (Cp1252 actually) to copy filtered resources, i.e. build is platform dependent!
2017-05-01 23:09:02,333 [Worker-19] INFO  o.e.m.c.i.embedder.EclipseLogger - Copying 0 resource
2017-05-01 23:09:10,402 [Worker-19] WARN  o.e.m.c.i.embedder.EclipseLogger - Using platform encoding (Cp1252 actually) to copy filtered resources, i.e. build is platform dependent!
2017-05-01 23:09:10,408 [Worker-19] INFO  o.e.m.c.i.embedder.EclipseLogger - Copying 1 resource
2017-05-01 23:09:10,417 [Worker-19] WARN  o.e.m.c.i.embedder.EclipseLogger - Using platform encoding (Cp1252 actually) to copy filtered resources, i.e. build is platform dependent!
2017-05-01 23:09:10,423 [Worker-19] INFO  o.e.m.c.i.embedder.EclipseLogger - Copying 0 resource
2017-05-01 23:10:32,480 [Worker-25] WARN  o.e.m.c.i.embedder.EclipseLogger - Using platform encoding (Cp1252 actually) to copy filtered resources, i.e. build is platform dependent!
2017-05-01 23:10:32,485 [Worker-25] INFO  o.e.m.c.i.embedder.EclipseLogger - Copying 1 resource
2017-05-01 23:10:32,489 [Worker-25] WARN  o.e.m.c.i.embedder.EclipseLogger - Using platform encoding (Cp1252 actually) to copy filtered resources, i.e. build is platform dependent!
2017-05-01 23:10:32,491 [Worker-25] INFO  o.e.m.c.i.embedder.EclipseLogger - Copying 0 resource
2017-05-01 23:11:30,124 [Worker-36] WARN  o.e.m.c.i.embedder.EclipseLogger - Using platform encoding (Cp1252 actually) to copy filtered resources, i.e. build is platform dependent!
2017-05-01 23:11:30,130 [Worker-36] INFO  o.e.m.c.i.embedder.EclipseLogger - Copying 1 resource
2017-05-01 23:11:30,137 [Worker-36] WARN  o.e.m.c.i.embedder.EclipseLogger - Using platform encoding (Cp1252 actually) to copy filtered resources, i.e. build is platform dependent!
2017-05-01 23:11:30,141 [Worker-36] INFO  o.e.m.c.i.embedder.EclipseLogger - Copying 0 resource
2017-05-01 23:12:47,215 [Worker-25] WARN  o.e.m.c.i.embedder.EclipseLogger - Using platform encoding (Cp1252 actually) to copy filtered resources, i.e. build is platform dependent!
2017-05-01 23:12:47,220 [Worker-25] INFO  o.e.m.c.i.embedder.EclipseLogger - Copying 1 resource
2017-05-01 23:12:47,225 [Worker-25] WARN  o.e.m.c.i.embedder.EclipseLogger - Using platform encoding (Cp1252 actually) to copy filtered resources, i.e. build is platform dependent!
2017-05-01 23:12:47,228 [Worker-25] INFO  o.e.m.c.i.embedder.EclipseLogger - Copying 0 resource
2017-05-01 23:13:11,080 [Worker-19] WARN  o.e.m.c.i.embedder.EclipseLogger - Using platform encoding (Cp1252 actually) to copy filtered resources, i.e. build is platform dependent!
2017-05-01 23:13:11,085 [Worker-19] INFO  o.e.m.c.i.embedder.EclipseLogger - Copying 1 resource
2017-05-01 23:13:11,128 [Worker-19] WARN  o.e.m.c.i.embedder.EclipseLogger - Using platform encoding (Cp1252 actually) to copy filtered resources, i.e. build is platform dependent!
2017-05-01 23:13:11,130 [Worker-19] INFO  o.e.m.c.i.embedder.EclipseLogger - Copying 0 resource
2017-05-01 23:15:48,312 [Worker-25] WARN  o.e.m.c.i.embedder.EclipseLogger - Using platform encoding (Cp1252 actually) to copy filtered resources, i.e. build is platform dependent!
2017-05-01 23:15:48,317 [Worker-25] INFO  o.e.m.c.i.embedder.EclipseLogger - Copying 1 resource
2017-05-01 23:15:48,324 [Worker-25] WARN  o.e.m.c.i.embedder.EclipseLogger - Using platform encoding (Cp1252 actually) to copy filtered resources, i.e. build is platform dependent!
2017-05-01 23:15:48,326 [Worker-25] INFO  o.e.m.c.i.embedder.EclipseLogger - Copying 0 resource
2017-05-01 23:26:22,929 [Worker-35] WARN  o.e.m.c.i.embedder.EclipseLogger - Using platform encoding (Cp1252 actually) to copy filtered resources, i.e. build is platform dependent!
2017-05-01 23:26:22,935 [Worker-35] INFO  o.e.m.c.i.embedder.EclipseLogger - Copying 1 resource
2017-05-01 23:26:22,941 [Worker-35] WARN  o.e.m.c.i.embedder.EclipseLogger - Using platform encoding (Cp1252 actually) to copy filtered resources, i.e. build is platform dependent!
2017-05-01 23:26:22,942 [Worker-35] INFO  o.e.m.c.i.embedder.EclipseLogger - Copying 0 resource
2017-05-01 23:26:24,682 [Worker-35] WARN  o.e.m.c.i.embedder.EclipseLogger - Using platform encoding (Cp1252 actually) to copy filtered resources, i.e. build is platform dependent!
2017-05-01 23:26:24,687 [Worker-35] INFO  o.e.m.c.i.embedder.EclipseLogger - Copying 1 resource
2017-05-01 23:26:24,693 [Worker-35] WARN  o.e.m.c.i.embedder.EclipseLogger - Using platform encoding (Cp1252 actually) to copy filtered resources, i.e. build is platform dependent!
2017-05-01 23:26:24,710 [Worker-35] INFO  o.e.m.c.i.embedder.EclipseLogger - Copying 0 resource
2017-05-01 23:26:54,904 [Worker-25] WARN  o.e.m.c.i.embedder.EclipseLogger - Using platform encoding (Cp1252 actually) to copy filtered resources, i.e. build is platform dependent!
2017-05-01 23:26:54,909 [Worker-25] INFO  o.e.m.c.i.embedder.EclipseLogger - Copying 1 resource
2017-05-01 23:26:54,919 [Worker-25] WARN  o.e.m.c.i.embedder.EclipseLogger - Using platform encoding (Cp1252 actually) to copy filtered resources, i.e. build is platform dependent!
2017-05-01 23:26:54,921 [Worker-25] INFO  o.e.m.c.i.embedder.EclipseLogger - Copying 0 resource
2017-05-01 23:29:50,372 [Worker-31] WARN  o.e.m.c.i.embedder.EclipseLogger - Using platform encoding (Cp1252 actually) to copy filtered resources, i.e. build is platform dependent!
2017-05-01 23:29:50,379 [Worker-31] INFO  o.e.m.c.i.embedder.EclipseLogger - Copying 1 resource
2017-05-01 23:29:50,386 [Worker-31] WARN  o.e.m.c.i.embedder.EclipseLogger - Using platform encoding (Cp1252 actually) to copy filtered resources, i.e. build is platform dependent!
2017-05-01 23:29:50,389 [Worker-31] INFO  o.e.m.c.i.embedder.EclipseLogger - Copying 0 resource
2017-05-01 23:32:51,740 [Worker-31] WARN  o.e.m.c.i.embedder.EclipseLogger - Using platform encoding (Cp1252 actually) to copy filtered resources, i.e. build is platform dependent!
2017-05-01 23:32:51,744 [Worker-31] INFO  o.e.m.c.i.embedder.EclipseLogger - Copying 1 resource
2017-05-01 23:32:51,751 [Worker-31] WARN  o.e.m.c.i.embedder.EclipseLogger - Using platform encoding (Cp1252 actually) to copy filtered resources, i.e. build is platform dependent!
2017-05-01 23:32:51,753 [Worker-31] INFO  o.e.m.c.i.embedder.EclipseLogger - Copying 0 resource
2017-05-01 23:35:02,562 [Worker-32] WARN  o.e.m.c.i.embedder.EclipseLogger - Using platform encoding (Cp1252 actually) to copy filtered resources, i.e. build is platform dependent!
2017-05-01 23:35:02,571 [Worker-32] INFO  o.e.m.c.i.embedder.EclipseLogger - Copying 1 resource
2017-05-01 23:35:02,587 [Worker-32] WARN  o.e.m.c.i.embedder.EclipseLogger - Using platform encoding (Cp1252 actually) to copy filtered resources, i.e. build is platform dependent!
2017-05-01 23:35:02,590 [Worker-32] INFO  o.e.m.c.i.embedder.EclipseLogger - Copying 0 resource
2017-05-01 23:37:48,967 [Worker-42] INFO  o.e.m.c.i.l.LifecycleMappingFactory - Using org.maven.ide.eclipse.wtp.WarLifecycleMapping lifecycle mapping for MavenProject: org.alba:boutique:1.0.0-BUILD-SNAPSHOT @ C:\Users\Fode\WorsktationTest\EBoutique\pom.xml.
2017-05-01 23:37:53,969 [Worker-42] WARN  o.e.m.c.i.embedder.EclipseLogger - Using platform encoding (Cp1252 actually) to copy filtered resources, i.e. build is platform dependent!
2017-05-01 23:37:53,974 [Worker-42] INFO  o.e.m.c.i.embedder.EclipseLogger - Copying 0 resource
2017-05-01 23:37:53,981 [Worker-42] WARN  o.e.m.c.i.embedder.EclipseLogger - Using platform encoding (Cp1252 actually) to copy filtered resources, i.e. build is platform dependent!
2017-05-01 23:37:53,984 [Worker-42] INFO  o.e.m.c.i.embedder.EclipseLogger - Copying 0 resource
2017-05-01 23:37:54,008 [Worker-42] INFO  o.e.m.w.i.f.ResourceFilteringBuildParticipant - Changed resources require a complete clean of filtered resources of EBoutique
2017-05-01 23:37:54,010 [Worker-42] INFO  o.e.m.w.i.f.ResourceFilteringBuildParticipant - Executing resource filtering for EBoutique
2017-05-01 23:37:54,027 [Worker-42] WARN  o.e.m.c.i.embedder.EclipseLogger - Using platform encoding (Cp1252 actually) to copy filtered resources, i.e. build is platform dependent!
2017-05-01 23:37:57,984 [Worker-41] WARN  o.e.m.c.i.embedder.EclipseLogger - Using platform encoding (Cp1252 actually) to copy filtered resources, i.e. build is platform dependent!
2017-05-01 23:37:57,988 [Worker-41] INFO  o.e.m.c.i.embedder.EclipseLogger - Copying 1 resource
2017-05-01 23:37:58,027 [Worker-41] WARN  o.e.m.c.i.embedder.EclipseLogger - Using platform encoding (Cp1252 actually) to copy filtered resources, i.e. build is platform dependent!
2017-05-01 23:37:58,030 [Worker-41] INFO  o.e.m.c.i.embedder.EclipseLogger - Copying 1 resource
2017-05-02 00:01:18,541 [Worker-47] WARN  o.e.m.c.i.embedder.EclipseLogger - Using platform encoding (Cp1252 actually) to copy filtered resources, i.e. build is platform dependent!
2017-05-02 00:01:18,548 [Worker-47] INFO  o.e.m.c.i.embedder.EclipseLogger - Copying 1 resource
2017-05-02 00:01:18,560 [Worker-47] WARN  o.e.m.c.i.embedder.EclipseLogger - Using platform encoding (Cp1252 actually) to copy filtered resources, i.e. build is platform dependent!
2017-05-02 00:01:18,563 [Worker-47] INFO  o.e.m.c.i.embedder.EclipseLogger - Copying 0 resource
2017-05-02 00:02:35,409 [Worker-45] WARN  o.e.m.c.i.embedder.EclipseLogger - Using platform encoding (Cp1252 actually) to copy filtered resources, i.e. build is platform dependent!
2017-05-02 00:02:35,414 [Worker-45] INFO  o.e.m.c.i.embedder.EclipseLogger - Copying 2 resources
2017-05-02 00:02:35,423 [Worker-45] WARN  o.e.m.c.i.embedder.EclipseLogger - Using platform encoding (Cp1252 actually) to copy filtered resources, i.e. build is platform dependent!
2017-05-02 00:02:35,425 [Worker-45] INFO  o.e.m.c.i.embedder.EclipseLogger - Copying 0 resource
2017-05-02 00:08:32,430 [Worker-53] INFO  o.e.m.c.i.l.LifecycleMappingFactory - Using org.maven.ide.eclipse.wtp.WarLifecycleMapping lifecycle mapping for MavenProject: org.alba:boutique:1.0.0-BUILD-SNAPSHOT @ C:\Users\Fode\WorsktationTest\EBoutique\pom.xml.
2017-05-02 00:08:33,244 [Worker-53] INFO  o.e.m.c.i.e.AbstractTransferListenerAdapter - Downloading https://repo.maven.apache.org/maven2/org/springframework/spring-context/3.2.2.RELEASE/spring-context-3.2.2.RELEASE.pom
2017-05-02 00:08:33,352 [Worker-53] INFO  o.e.m.c.i.e.AbstractTransferListenerAdapter - Downloaded https://repo.maven.apache.org/maven2/org/springframework/spring-context/3.2.2.RELEASE/spring-context-3.2.2.RELEASE.pom
2017-05-02 00:08:33,419 [Worker-53] INFO  o.e.m.c.i.e.AbstractTransferListenerAdapter - Downloading https://repo.maven.apache.org/maven2/org/springframework/spring-aop/3.2.2.RELEASE/spring-aop-3.2.2.RELEASE.pom
2017-05-02 00:08:33,492 [Worker-53] INFO  o.e.m.c.i.e.AbstractTransferListenerAdapter - Downloaded https://repo.maven.apache.org/maven2/org/springframework/spring-aop/3.2.2.RELEASE/spring-aop-3.2.2.RELEASE.pom
2017-05-02 00:08:33,701 [Worker-53] INFO  o.e.m.c.i.e.AbstractTransferListenerAdapter - Downloading https://repo.maven.apache.org/maven2/org/springframework/spring-expression/3.2.2.RELEASE/spring-expression-3.2.2.RELEASE.pom
2017-05-02 00:08:33,753 [Worker-53] INFO  o.e.m.c.i.e.AbstractTransferListenerAdapter - Downloaded https://repo.maven.apache.org/maven2/org/springframework/spring-expression/3.2.2.RELEASE/spring-expression-3.2.2.RELEASE.pom
2017-05-02 00:08:33,815 [Worker-53] INFO  o.e.m.c.i.e.AbstractTransferListenerAdapter - Downloading https://repo.maven.apache.org/maven2/org/springframework/spring-webmvc/3.2.2.RELEASE/spring-webmvc-3.2.2.RELEASE.pom
2017-05-02 00:08:33,886 [Worker-53] INFO  o.e.m.c.i.e.AbstractTransferListenerAdapter - Downloaded https://repo.maven.apache.org/maven2/org/springframework/spring-webmvc/3.2.2.RELEASE/spring-webmvc-3.2.2.RELEASE.pom
2017-05-02 00:08:33,974 [Worker-53] INFO  o.e.m.c.i.e.AbstractTransferListenerAdapter - Downloading https://repo.maven.apache.org/maven2/org/springframework/spring-web/3.2.2.RELEASE/spring-web-3.2.2.RELEASE.pom
2017-05-02 00:08:34,032 [Worker-53] INFO  o.e.m.c.i.e.AbstractTransferListenerAdapter - Downloaded https://repo.maven.apache.org/maven2/org/springframework/spring-web/3.2.2.RELEASE/spring-web-3.2.2.RELEASE.pom
2017-05-02 00:08:34,429 [Worker-53] INFO  o.e.m.c.i.e.AbstractTransferListenerAdapter - Downloading https://repo.maven.apache.org/maven2/org/springframework/spring-context/3.2.2.RELEASE/spring-context-3.2.2.RELEASE.jar
2017-05-02 00:08:35,258 [Worker-53] INFO  o.e.m.c.i.e.AbstractTransferListenerAdapter - Downloaded https://repo.maven.apache.org/maven2/org/springframework/spring-context/3.2.2.RELEASE/spring-context-3.2.2.RELEASE.jar
2017-05-02 00:08:35,325 [Worker-53] INFO  o.e.m.c.i.e.AbstractTransferListenerAdapter - Downloading https://repo.maven.apache.org/maven2/org/springframework/spring-aop/3.2.2.RELEASE/spring-aop-3.2.2.RELEASE.jar
2017-05-02 00:08:35,674 [Worker-53] INFO  o.e.m.c.i.e.AbstractTransferListenerAdapter - Downloaded https://repo.maven.apache.org/maven2/org/springframework/spring-aop/3.2.2.RELEASE/spring-aop-3.2.2.RELEASE.jar
2017-05-02 00:08:35,746 [Worker-53] INFO  o.e.m.c.i.e.AbstractTransferListenerAdapter - Downloading https://repo.maven.apache.org/maven2/org/springframework/spring-beans/3.2.2.RELEASE/spring-beans-3.2.2.RELEASE.jar
2017-05-02 00:08:36,269 [Worker-53] INFO  o.e.m.c.i.e.AbstractTransferListenerAdapter - Downloaded https://repo.maven.apache.org/maven2/org/springframework/spring-beans/3.2.2.RELEASE/spring-beans-3.2.2.RELEASE.jar
2017-05-02 00:08:36,333 [Worker-53] INFO  o.e.m.c.i.e.AbstractTransferListenerAdapter - Downloading https://repo.maven.apache.org/maven2/org/springframework/spring-core/3.2.2.RELEASE/spring-core-3.2.2.RELEASE.jar
2017-05-02 00:08:37,059 [Worker-53] INFO  o.e.m.c.i.e.AbstractTransferListenerAdapter - Downloaded https://repo.maven.apache.org/maven2/org/springframework/spring-core/3.2.2.RELEASE/spring-core-3.2.2.RELEASE.jar
2017-05-02 00:08:37,122 [Worker-53] INFO  o.e.m.c.i.e.AbstractTransferListenerAdapter - Downloading https://repo.maven.apache.org/maven2/org/springframework/spring-expression/3.2.2.RELEASE/spring-expression-3.2.2.RELEASE.jar
2017-05-02 00:08:37,350 [Worker-53] INFO  o.e.m.c.i.e.AbstractTransferListenerAdapter - Downloaded https://repo.maven.apache.org/maven2/org/springframework/spring-expression/3.2.2.RELEASE/spring-expression-3.2.2.RELEASE.jar
2017-05-02 00:08:37,415 [Worker-53] INFO  o.e.m.c.i.e.AbstractTransferListenerAdapter - Downloading https://repo.maven.apache.org/maven2/org/springframework/spring-webmvc/3.2.2.RELEASE/spring-webmvc-3.2.2.RELEASE.jar
2017-05-02 00:08:37,969 [Worker-53] INFO  o.e.m.c.i.e.AbstractTransferListenerAdapter - Downloaded https://repo.maven.apache.org/maven2/org/springframework/spring-webmvc/3.2.2.RELEASE/spring-webmvc-3.2.2.RELEASE.jar
2017-05-02 00:08:38,066 [Worker-53] INFO  o.e.m.c.i.e.AbstractTransferListenerAdapter - Downloading https://repo.maven.apache.org/maven2/org/springframework/spring-web/3.2.2.RELEASE/spring-web-3.2.2.RELEASE.jar
2017-05-02 00:08:38,851 [Worker-53] INFO  o.e.m.c.i.e.AbstractTransferListenerAdapter - Downloaded https://repo.maven.apache.org/maven2/org/springframework/spring-web/3.2.2.RELEASE/spring-web-3.2.2.RELEASE.jar
2017-05-02 00:08:41,073 [Worker-53] WARN  o.e.m.c.i.embedder.EclipseLogger - Using platform encoding (Cp1252 actually) to copy filtered resources, i.e. build is platform dependent!
2017-05-02 00:08:41,076 [Worker-53] INFO  o.e.m.c.i.embedder.EclipseLogger - Copying 0 resource
2017-05-02 00:08:41,079 [Worker-53] WARN  o.e.m.c.i.embedder.EclipseLogger - Using platform encoding (Cp1252 actually) to copy filtered resources, i.e. build is platform dependent!
2017-05-02 00:08:41,081 [Worker-53] INFO  o.e.m.c.i.embedder.EclipseLogger - Copying 0 resource
2017-05-02 00:08:41,110 [Worker-53] INFO  o.e.m.w.i.f.ResourceFilteringBuildParticipant - Changed resources require a complete clean of filtered resources of EBoutique
2017-05-02 00:08:41,110 [Worker-53] INFO  o.e.m.w.i.f.ResourceFilteringBuildParticipant - Executing resource filtering for EBoutique
2017-05-02 00:08:41,118 [Worker-53] WARN  o.e.m.c.i.embedder.EclipseLogger - Using platform encoding (Cp1252 actually) to copy filtered resources, i.e. build is platform dependent!
2017-05-02 00:08:42,945 [Worker-53] WARN  o.e.m.c.i.embedder.EclipseLogger - Using platform encoding (Cp1252 actually) to copy filtered resources, i.e. build is platform dependent!
2017-05-02 00:08:42,948 [Worker-53] INFO  o.e.m.c.i.embedder.EclipseLogger - Copying 2 resources
2017-05-02 00:08:42,970 [Worker-53] WARN  o.e.m.c.i.embedder.EclipseLogger - Using platform encoding (Cp1252 actually) to copy filtered resources, i.e. build is platform dependent!
2017-05-02 00:08:42,972 [Worker-53] INFO  o.e.m.c.i.embedder.EclipseLogger - Copying 1 resource
2017-05-02 00:09:24,280 [Worker-41] INFO  o.e.m.c.i.l.LifecycleMappingFactory - Using org.maven.ide.eclipse.wtp.WarLifecycleMapping lifecycle mapping for MavenProject: org.alba:boutique:1.0.0-BUILD-SNAPSHOT @ C:\Users\Fode\WorsktationTest\EBoutique\pom.xml.
2017-05-02 00:09:24,565 [Worker-41] INFO  o.e.m.c.i.e.AbstractTransferListenerAdapter - Downloaded https://repo.maven.apache.org/maven2/org/springframework/spring-tx/>3.2.2.RELEASE/spring-tx->3.2.2.RELEASE.pom
2017-05-02 00:09:24,567 [Worker-41] WARN  o.e.a.i.i.DefaultUpdateCheckManager - Failed to create parent directories for tracking file C:\Users\Fode\.m2\repository\org\springframework\spring-tx\>3.2.2.RELEASE\spring-tx->3.2.2.RELEASE.pom.lastUpdated
2017-05-02 00:09:24,606 [Worker-41] INFO  o.e.m.c.i.e.AbstractTransferListenerAdapter - Downloaded https://repo.maven.apache.org/maven2/org/springframework/spring-orm/>3.2.2.RELEASE/spring-orm->3.2.2.RELEASE.pom
2017-05-02 00:09:24,607 [Worker-41] WARN  o.e.a.i.i.DefaultUpdateCheckManager - Failed to create parent directories for tracking file C:\Users\Fode\.m2\repository\org\springframework\spring-orm\>3.2.2.RELEASE\spring-orm->3.2.2.RELEASE.pom.lastUpdated
2017-05-02 00:09:24,614 [Worker-41] INFO  o.e.m.c.i.e.AbstractTransferListenerAdapter - Downloaded https://repo.maven.apache.org/maven2/org/springframework/spring-beans/>3.2.2.RELEASE/spring-beans->3.2.2.RELEASE.pom
2017-05-02 00:09:24,615 [Worker-41] WARN  o.e.a.i.i.DefaultUpdateCheckManager - Failed to create parent directories for tracking file C:\Users\Fode\.m2\repository\org\springframework\spring-beans\>3.2.2.RELEASE\spring-beans->3.2.2.RELEASE.pom.lastUpdated
2017-05-02 00:09:24,620 [Worker-41] INFO  o.e.m.c.i.e.AbstractTransferListenerAdapter - Downloaded https://repo.maven.apache.org/maven2/org/springframework/spring-core/>3.2.2.RELEASE/spring-core->3.2.2.RELEASE.pom
2017-05-02 00:09:24,621 [Worker-41] WARN  o.e.a.i.i.DefaultUpdateCheckManager - Failed to create parent directories for tracking file C:\Users\Fode\.m2\repository\org\springframework\spring-core\>3.2.2.RELEASE\spring-core->3.2.2.RELEASE.pom.lastUpdated
2017-05-02 00:09:24,969 [Worker-41] INFO  o.e.m.c.i.e.AbstractTransferListenerAdapter - Downloaded https://repo.maven.apache.org/maven2/org/springframework/spring-tx/>3.2.2.RELEASE/spring-tx->3.2.2.RELEASE.pom
2017-05-02 00:09:24,969 [Worker-41] WARN  o.e.a.i.i.DefaultUpdateCheckManager - Failed to create parent directories for tracking file C:\Users\Fode\.m2\repository\org\springframework\spring-tx\>3.2.2.RELEASE\spring-tx->3.2.2.RELEASE.pom.lastUpdated
2017-05-02 00:09:24,972 [Worker-41] INFO  o.e.m.c.i.e.AbstractTransferListenerAdapter - Downloaded https://repo.maven.apache.org/maven2/org/springframework/spring-orm/>3.2.2.RELEASE/spring-orm->3.2.2.RELEASE.pom
2017-05-02 00:09:24,973 [Worker-41] WARN  o.e.a.i.i.DefaultUpdateCheckManager - Failed to create parent directories for tracking file C:\Users\Fode\.m2\repository\org\springframework\spring-orm\>3.2.2.RELEASE\spring-orm->3.2.2.RELEASE.pom.lastUpdated
2017-05-02 00:09:24,977 [Worker-41] INFO  o.e.m.c.i.e.AbstractTransferListenerAdapter - Downloaded https://repo.maven.apache.org/maven2/org/springframework/spring-beans/>3.2.2.RELEASE/spring-beans->3.2.2.RELEASE.pom
2017-05-02 00:09:24,978 [Worker-41] WARN  o.e.a.i.i.DefaultUpdateCheckManager - Failed to create parent directories for tracking file C:\Users\Fode\.m2\repository\org\springframework\spring-beans\>3.2.2.RELEASE\spring-beans->3.2.2.RELEASE.pom.lastUpdated
2017-05-02 00:09:24,981 [Worker-41] INFO  o.e.m.c.i.e.AbstractTransferListenerAdapter - Downloaded https://repo.maven.apache.org/maven2/org/springframework/spring-core/>3.2.2.RELEASE/spring-core->3.2.2.RELEASE.pom
2017-05-02 00:09:24,981 [Worker-41] WARN  o.e.a.i.i.DefaultUpdateCheckManager - Failed to create parent directories for tracking file C:\Users\Fode\.m2\repository\org\springframework\spring-core\>3.2.2.RELEASE\spring-core->3.2.2.RELEASE.pom.lastUpdated
2017-05-02 00:09:25,667 [Worker-41] INFO  o.e.m.c.i.e.AbstractTransferListenerAdapter - Downloaded https://repo.maven.apache.org/maven2/org/springframework/spring-tx/>3.2.2.RELEASE/spring-tx->3.2.2.RELEASE.pom
2017-05-02 00:09:25,668 [Worker-41] WARN  o.e.a.i.i.DefaultUpdateCheckManager - Failed to create parent directories for tracking file C:\Users\Fode\.m2\repository\org\springframework\spring-tx\>3.2.2.RELEASE\spring-tx->3.2.2.RELEASE.pom.lastUpdated
2017-05-02 00:09:25,670 [Worker-41] INFO  o.e.m.c.i.e.AbstractTransferListenerAdapter - Downloaded https://repo.maven.apache.org/maven2/org/springframework/spring-orm/>3.2.2.RELEASE/spring-orm->3.2.2.RELEASE.pom
2017-05-02 00:09:25,671 [Worker-41] WARN  o.e.a.i.i.DefaultUpdateCheckManager - Failed to create parent directories for tracking file C:\Users\Fode\.m2\repository\org\springframework\spring-orm\>3.2.2.RELEASE\spring-orm->3.2.2.RELEASE.pom.lastUpdated
2017-05-02 00:09:25,673 [Worker-41] INFO  o.e.m.c.i.e.AbstractTransferListenerAdapter - Downloaded https://repo.maven.apache.org/maven2/org/springframework/spring-beans/>3.2.2.RELEASE/spring-beans->3.2.2.RELEASE.pom
2017-05-02 00:09:25,673 [Worker-41] WARN  o.e.a.i.i.DefaultUpdateCheckManager - Failed to create parent directories for tracking file C:\Users\Fode\.m2\repository\org\springframework\spring-beans\>3.2.2.RELEASE\spring-beans->3.2.2.RELEASE.pom.lastUpdated
2017-05-02 00:09:25,675 [Worker-41] INFO  o.e.m.c.i.e.AbstractTransferListenerAdapter - Downloaded https://repo.maven.apache.org/maven2/org/springframework/spring-core/>3.2.2.RELEASE/spring-core->3.2.2.RELEASE.pom
2017-05-02 00:09:25,676 [Worker-41] WARN  o.e.a.i.i.DefaultUpdateCheckManager - Failed to create parent directories for tracking file C:\Users\Fode\.m2\repository\org\springframework\spring-core\>3.2.2.RELEASE\spring-core->3.2.2.RELEASE.pom.lastUpdated
2017-05-02 00:09:26,065 [Worker-41] WARN  o.e.m.c.i.embedder.EclipseLogger - Using platform encoding (Cp1252 actually) to copy filtered resources, i.e. build is platform dependent!
2017-05-02 00:09:26,068 [Worker-41] INFO  o.e.m.c.i.embedder.EclipseLogger - Copying 0 resource
2017-05-02 00:09:26,071 [Worker-41] WARN  o.e.m.c.i.embedder.EclipseLogger - Using platform encoding (Cp1252 actually) to copy filtered resources, i.e. build is platform dependent!
2017-05-02 00:09:26,072 [Worker-41] INFO  o.e.m.c.i.embedder.EclipseLogger - Copying 0 resource
2017-05-02 00:09:26,072 [Worker-41] INFO  o.e.m.w.i.f.ResourceFilteringBuildParticipant - Changed resources require a complete clean of filtered resources of EBoutique
2017-05-02 00:09:26,072 [Worker-41] INFO  o.e.m.w.i.f.ResourceFilteringBuildParticipant - Executing resource filtering for EBoutique
2017-05-02 00:09:26,078 [Worker-41] WARN  o.e.m.c.i.embedder.EclipseLogger - Using platform encoding (Cp1252 actually) to copy filtered resources, i.e. build is platform dependent!
2017-05-02 00:09:29,061 [Worker-52] INFO  o.e.m.c.i.e.AbstractTransferListenerAdapter - Downloaded https://repo.maven.apache.org/maven2/org/springframework/spring-tx/>3.2.2.RELEASE/spring-tx->3.2.2.RELEASE.pom
2017-05-02 00:09:29,062 [Worker-52] WARN  o.e.a.i.i.DefaultUpdateCheckManager - Failed to create parent directories for tracking file C:\Users\Fode\.m2\repository\org\springframework\spring-tx\>3.2.2.RELEASE\spring-tx->3.2.2.RELEASE.pom.lastUpdated
2017-05-02 00:09:29,069 [Worker-52] INFO  o.e.m.c.i.e.AbstractTransferListenerAdapter - Downloaded https://repo.maven.apache.org/maven2/org/springframework/spring-orm/>3.2.2.RELEASE/spring-orm->3.2.2.RELEASE.pom
2017-05-02 00:09:29,070 [Worker-52] WARN  o.e.a.i.i.DefaultUpdateCheckManager - Failed to create parent directories for tracking file C:\Users\Fode\.m2\repository\org\springframework\spring-orm\>3.2.2.RELEASE\spring-orm->3.2.2.RELEASE.pom.lastUpdated
2017-05-02 00:09:29,077 [Worker-52] INFO  o.e.m.c.i.e.AbstractTransferListenerAdapter - Downloaded https://repo.maven.apache.org/maven2/org/springframework/spring-beans/>3.2.2.RELEASE/spring-beans->3.2.2.RELEASE.pom
2017-05-02 00:09:29,079 [Worker-52] WARN  o.e.a.i.i.DefaultUpdateCheckManager - Failed to create parent directories for tracking file C:\Users\Fode\.m2\repository\org\springframework\spring-beans\>3.2.2.RELEASE\spring-beans->3.2.2.RELEASE.pom.lastUpdated
2017-05-02 00:09:29,087 [Worker-52] INFO  o.e.m.c.i.e.AbstractTransferListenerAdapter - Downloaded https://repo.maven.apache.org/maven2/org/springframework/spring-core/>3.2.2.RELEASE/spring-core->3.2.2.RELEASE.pom
2017-05-02 00:09:29,088 [Worker-52] WARN  o.e.a.i.i.DefaultUpdateCheckManager - Failed to create parent directories for tracking file C:\Users\Fode\.m2\repository\org\springframework\spring-core\>3.2.2.RELEASE\spring-core->3.2.2.RELEASE.pom.lastUpdated
2017-05-02 00:09:29,109 [Worker-52] WARN  o.e.m.c.i.embedder.EclipseLogger - Using platform encoding (Cp1252 actually) to copy filtered resources, i.e. build is platform dependent!
2017-05-02 00:09:29,111 [Worker-52] INFO  o.e.m.c.i.embedder.EclipseLogger - Copying 0 resource
2017-05-02 00:09:29,114 [Worker-52] WARN  o.e.m.c.i.embedder.EclipseLogger - Using platform encoding (Cp1252 actually) to copy filtered resources, i.e. build is platform dependent!
2017-05-02 00:09:29,116 [Worker-52] INFO  o.e.m.c.i.embedder.EclipseLogger - Copying 0 resource
2017-05-02 00:11:17,589 [Worker-54] INFO  o.e.m.c.i.e.AbstractTransferListenerAdapter - Downloaded https://repo.maven.apache.org/maven2/org/springframework/spring-tx/>3.2.2.RELEASE/spring-tx->3.2.2.RELEASE.pom
2017-05-02 00:11:17,590 [Worker-54] WARN  o.e.a.i.i.DefaultUpdateCheckManager - Failed to create parent directories for tracking file C:\Users\Fode\.m2\repository\org\springframework\spring-tx\>3.2.2.RELEASE\spring-tx->3.2.2.RELEASE.pom.lastUpdated
2017-05-02 00:11:17,597 [Worker-54] INFO  o.e.m.c.i.e.AbstractTransferListenerAdapter - Downloaded https://repo.maven.apache.org/maven2/org/springframework/spring-orm/>3.2.2.RELEASE/spring-orm->3.2.2.RELEASE.pom
2017-05-02 00:11:17,599 [Worker-54] WARN  o.e.a.i.i.DefaultUpdateCheckManager - Failed to create parent directories for tracking file C:\Users\Fode\.m2\repository\org\springframework\spring-orm\>3.2.2.RELEASE\spring-orm->3.2.2.RELEASE.pom.lastUpdated
2017-05-02 00:11:17,606 [Worker-54] INFO  o.e.m.c.i.e.AbstractTransferListenerAdapter - Downloaded https://repo.maven.apache.org/maven2/org/springframework/spring-beans/>3.2.2.RELEASE/spring-beans->3.2.2.RELEASE.pom
2017-05-02 00:11:17,607 [Worker-54] WARN  o.e.a.i.i.DefaultUpdateCheckManager - Failed to create parent directories for tracking file C:\Users\Fode\.m2\repository\org\springframework\spring-beans\>3.2.2.RELEASE\spring-beans->3.2.2.RELEASE.pom.lastUpdated
2017-05-02 00:11:17,614 [Worker-54] INFO  o.e.m.c.i.e.AbstractTransferListenerAdapter - Downloaded https://repo.maven.apache.org/maven2/org/springframework/spring-core/>3.2.2.RELEASE/spring-core->3.2.2.RELEASE.pom
2017-05-02 00:11:17,616 [Worker-54] WARN  o.e.a.i.i.DefaultUpdateCheckManager - Failed to create parent directories for tracking file C:\Users\Fode\.m2\repository\org\springframework\spring-core\>3.2.2.RELEASE\spring-core->3.2.2.RELEASE.pom.lastUpdated
2017-05-02 00:11:17,720 [Worker-54] ERROR o.e.m.c.embedder.MavenModelManager - Project read error
org.eclipse.aether.collection.DependencyCollectionException: Failed to collect dependencies at org.springframework:spring-tx:jar:>3.2.2.RELEASE
	at org.eclipse.aether.internal.impl.DefaultDependencyCollector.collectDependencies(DefaultDependencyCollector.java:291) ~[aether-impl-1.0.2.v20150114.jar:na]
	at org.eclipse.aether.internal.impl.DefaultRepositorySystem.collectDependencies(DefaultRepositorySystem.java:316) ~[aether-impl-1.0.2.v20150114.jar:na]
	at org.eclipse.m2e.core.embedder.MavenModelManager.readDependencyTree(MavenModelManager.java:230) [org.eclipse.m2e.core_1.7.0.20160603-1933.jar:na]
	at org.eclipse.m2e.core.embedder.MavenModelManager$1.call(MavenModelManager.java:187) [org.eclipse.m2e.core_1.7.0.20160603-1933.jar:na]
	at org.eclipse.m2e.core.embedder.MavenModelManager$1.call(MavenModelManager.java:1) [org.eclipse.m2e.core_1.7.0.20160603-1933.jar:na]
	at org.eclipse.m2e.core.internal.embedder.MavenExecutionContext.executeBare(MavenExecutionContext.java:176) [org.eclipse.m2e.core_1.7.0.20160603-1933.jar:na]
	at org.eclipse.m2e.core.internal.embedder.MavenExecutionContext.execute(MavenExecutionContext.java:112) [org.eclipse.m2e.core_1.7.0.20160603-1933.jar:na]
	at org.eclipse.m2e.core.internal.project.registry.MavenProjectManager$1.call(MavenProjectManager.java:124) [org.eclipse.m2e.core_1.7.0.20160603-1933.jar:na]
	at org.eclipse.m2e.core.internal.embedder.MavenExecutionContext.executeBare(MavenExecutionContext.java:176) [org.eclipse.m2e.core_1.7.0.20160603-1933.jar:na]
	at org.eclipse.m2e.core.internal.embedder.MavenExecutionContext.execute(MavenExecutionContext.java:151) [org.eclipse.m2e.core_1.7.0.20160603-1933.jar:na]
	at org.eclipse.m2e.core.internal.embedder.MavenExecutionContext.execute(MavenExecutionContext.java:99) [org.eclipse.m2e.core_1.7.0.20160603-1933.jar:na]
	at org.eclipse.m2e.core.internal.project.registry.MavenProjectManager.execute(MavenProjectManager.java:122) [org.eclipse.m2e.core_1.7.0.20160603-1933.jar:na]
	at org.eclipse.m2e.core.embedder.MavenModelManager.readDependencyTree(MavenModelManager.java:191) [org.eclipse.m2e.core_1.7.0.20160603-1933.jar:na]
	at org.eclipse.m2e.editor.pom.MavenPomEditor.readDependencyTree(MavenPomEditor.java:687) [org.eclipse.m2e.editor_1.7.0.20160603-1933.jar:na]
	at org.eclipse.m2e.editor.pom.DependencyTreePage$1.run(DependencyTreePage.java:222) [org.eclipse.m2e.editor_1.7.0.20160603-1933.jar:na]
	at org.eclipse.core.internal.jobs.Worker.run(Worker.java:54) [org.eclipse.core.jobs_3.6.1.v20141014-1248.jar:na]
Caused by: org.eclipse.aether.resolution.ArtifactDescriptorException: Failed to read artifact descriptor for org.springframework:spring-tx:jar:>3.2.2.RELEASE
	at org.apache.maven.repository.internal.DefaultArtifactDescriptorReader.loadPom(DefaultArtifactDescriptorReader.java:282) ~[maven-aether-provider-3.3.9.jar:3.3.9]
	at org.apache.maven.repository.internal.DefaultArtifactDescriptorReader.readArtifactDescriptor(DefaultArtifactDescriptorReader.java:198) ~[maven-aether-provider-3.3.9.jar:3.3.9]
	at org.eclipse.aether.internal.impl.DefaultDependencyCollector.resolveCachedArtifactDescriptor(DefaultDependencyCollector.java:535) ~[aether-impl-1.0.2.v20150114.jar:na]
	at org.eclipse.aether.internal.impl.DefaultDependencyCollector.getArtifactDescriptorResult(DefaultDependencyCollector.java:519) ~[aether-impl-1.0.2.v20150114.jar:na]
	at org.eclipse.aether.internal.impl.DefaultDependencyCollector.processDependency(DefaultDependencyCollector.java:409) ~[aether-impl-1.0.2.v20150114.jar:na]
	at org.eclipse.aether.internal.impl.DefaultDependencyCollector.processDependency(DefaultDependencyCollector.java:363) ~[aether-impl-1.0.2.v20150114.jar:na]
	at org.eclipse.aether.internal.impl.DefaultDependencyCollector.process(DefaultDependencyCollector.java:351) ~[aether-impl-1.0.2.v20150114.jar:na]
	at org.eclipse.aether.internal.impl.DefaultDependencyCollector.collectDependencies(DefaultDependencyCollector.java:254) ~[aether-impl-1.0.2.v20150114.jar:na]
	... 15 common frames omitted
Caused by: org.eclipse.aether.resolution.ArtifactResolutionException: Could not transfer artifact org.springframework:spring-tx:pom:>3.2.2.RELEASE from/to central (https://repo.maven.apache.org/maven2): NullPointerException
	at org.eclipse.aether.internal.impl.DefaultArtifactResolver.resolve(DefaultArtifactResolver.java:444) ~[aether-impl-1.0.2.v20150114.jar:na]
	at org.eclipse.aether.internal.impl.DefaultArtifactResolver.resolveArtifacts(DefaultArtifactResolver.java:246) ~[aether-impl-1.0.2.v20150114.jar:na]
	at org.eclipse.aether.internal.impl.DefaultArtifactResolver.resolveArtifact(DefaultArtifactResolver.java:223) ~[aether-impl-1.0.2.v20150114.jar:na]
	at org.apache.maven.repository.internal.DefaultArtifactDescriptorReader.loadPom(DefaultArtifactDescriptorReader.java:267) ~[maven-aether-provider-3.3.9.jar:3.3.9]
	... 22 common frames omitted
Caused by: org.eclipse.aether.transfer.ArtifactTransferException: Could not transfer artifact org.springframework:spring-tx:pom:>3.2.2.RELEASE from/to central (https://repo.maven.apache.org/maven2): NullPointerException
	at io.takari.aether.connector.AetherRepositoryConnector$2.wrap(AetherRepositoryConnector.java:895) ~[aether-connector-okhttp-0.16.0.jar:0.16.0]
	at io.takari.aether.connector.AetherRepositoryConnector$2.wrap(AetherRepositoryConnector.java:1) ~[aether-connector-okhttp-0.16.0.jar:0.16.0]
	at io.takari.aether.connector.AetherRepositoryConnector$GetTask.flush(AetherRepositoryConnector.java:673) ~[aether-connector-okhttp-0.16.0.jar:0.16.0]
	at io.takari.aether.connector.AetherRepositoryConnector.get(AetherRepositoryConnector.java:310) ~[aether-connector-okhttp-0.16.0.jar:0.16.0]
	at org.eclipse.aether.internal.impl.DefaultArtifactResolver.performDownloads(DefaultArtifactResolver.java:520) ~[aether-impl-1.0.2.v20150114.jar:na]
	at org.eclipse.aether.internal.impl.DefaultArtifactResolver.resolve(DefaultArtifactResolver.java:421) ~[aether-impl-1.0.2.v20150114.jar:na]
	... 25 common frames omitted
Caused by: java.lang.NullPointerException: null
	at io.takari.aether.connector.AetherRepositoryConnector$GetTask.resumableGet(AetherRepositoryConnector.java:571) ~[aether-connector-okhttp-0.16.0.jar:0.16.0]
	at io.takari.aether.connector.AetherRepositoryConnector$GetTask.run(AetherRepositoryConnector.java:453) ~[aether-connector-okhttp-0.16.0.jar:0.16.0]
	at io.takari.aether.connector.AetherRepositoryConnector.get(AetherRepositoryConnector.java:304) ~[aether-connector-okhttp-0.16.0.jar:0.16.0]
	... 27 common frames omitted
2017-05-02 00:11:17,738 [Worker-54] ERROR o.e.m.editor.pom.DependencyTreePage - Project read error
org.eclipse.core.runtime.CoreException: Project read error
	at org.eclipse.m2e.core.embedder.MavenModelManager.readDependencyTree(MavenModelManager.java:234) ~[na:na]
	at org.eclipse.m2e.core.embedder.MavenModelManager$1.call(MavenModelManager.java:187) ~[na:na]
	at org.eclipse.m2e.core.embedder.MavenModelManager$1.call(MavenModelManager.java:1) ~[na:na]
	at org.eclipse.m2e.core.internal.embedder.MavenExecutionContext.executeBare(MavenExecutionContext.java:176) ~[na:na]
	at org.eclipse.m2e.core.internal.embedder.MavenExecutionContext.execute(MavenExecutionContext.java:112) ~[na:na]
	at org.eclipse.m2e.core.internal.project.registry.MavenProjectManager$1.call(MavenProjectManager.java:124) ~[na:na]
	at org.eclipse.m2e.core.internal.embedder.MavenExecutionContext.executeBare(MavenExecutionContext.java:176) ~[na:na]
	at org.eclipse.m2e.core.internal.embedder.MavenExecutionContext.execute(MavenExecutionContext.java:151) ~[na:na]
	at org.eclipse.m2e.core.internal.embedder.MavenExecutionContext.execute(MavenExecutionContext.java:99) ~[na:na]
	at org.eclipse.m2e.core.internal.project.registry.MavenProjectManager.execute(MavenProjectManager.java:122) ~[na:na]
	at org.eclipse.m2e.core.embedder.MavenModelManager.readDependencyTree(MavenModelManager.java:191) ~[na:na]
	at org.eclipse.m2e.editor.pom.MavenPomEditor.readDependencyTree(MavenPomEditor.java:687) ~[na:na]
	at org.eclipse.m2e.editor.pom.DependencyTreePage$1.run(DependencyTreePage.java:222) ~[na:na]
	at org.eclipse.core.internal.jobs.Worker.run(Worker.java:54) [org.eclipse.core.jobs_3.6.1.v20141014-1248.jar:na]
Caused by: org.eclipse.aether.collection.DependencyCollectionException: Failed to collect dependencies at org.springframework:spring-tx:jar:>3.2.2.RELEASE
	at org.eclipse.aether.internal.impl.DefaultDependencyCollector.collectDependencies(DefaultDependencyCollector.java:291) ~[na:na]
	at org.eclipse.aether.internal.impl.DefaultRepositorySystem.collectDependencies(DefaultRepositorySystem.java:316) ~[na:na]
	at org.eclipse.m2e.core.embedder.MavenModelManager.readDependencyTree(MavenModelManager.java:230) ~[na:na]
	... 13 common frames omitted
Caused by: org.eclipse.aether.resolution.ArtifactDescriptorException: Failed to read artifact descriptor for org.springframework:spring-tx:jar:>3.2.2.RELEASE
	at org.apache.maven.repository.internal.DefaultArtifactDescriptorReader.loadPom(DefaultArtifactDescriptorReader.java:282) ~[na:na]
	at org.apache.maven.repository.internal.DefaultArtifactDescriptorReader.readArtifactDescriptor(DefaultArtifactDescriptorReader.java:198) ~[na:na]
	at org.eclipse.aether.internal.impl.DefaultDependencyCollector.resolveCachedArtifactDescriptor(DefaultDependencyCollector.java:535) ~[na:na]
	at org.eclipse.aether.internal.impl.DefaultDependencyCollector.getArtifactDescriptorResult(DefaultDependencyCollector.java:519) ~[na:na]
	at org.eclipse.aether.internal.impl.DefaultDependencyCollector.processDependency(DefaultDependencyCollector.java:409) ~[na:na]
	at org.eclipse.aether.internal.impl.DefaultDependencyCollector.processDependency(DefaultDependencyCollector.java:363) ~[na:na]
	at org.eclipse.aether.internal.impl.DefaultDependencyCollector.process(DefaultDependencyCollector.java:351) ~[na:na]
	at org.eclipse.aether.internal.impl.DefaultDependencyCollector.collectDependencies(DefaultDependencyCollector.java:254) ~[na:na]
	... 15 common frames omitted
Caused by: org.eclipse.aether.resolution.ArtifactResolutionException: Could not transfer artifact org.springframework:spring-tx:pom:>3.2.2.RELEASE from/to central (https://repo.maven.apache.org/maven2): NullPointerException
	at org.eclipse.aether.internal.impl.DefaultArtifactResolver.resolve(DefaultArtifactResolver.java:444) ~[na:na]
	at org.eclipse.aether.internal.impl.DefaultArtifactResolver.resolveArtifacts(DefaultArtifactResolver.java:246) ~[na:na]
	at org.eclipse.aether.internal.impl.DefaultArtifactResolver.resolveArtifact(DefaultArtifactResolver.java:223) ~[na:na]
	at org.apache.maven.repository.internal.DefaultArtifactDescriptorReader.loadPom(DefaultArtifactDescriptorReader.java:267) ~[na:na]
	... 22 common frames omitted
Caused by: org.eclipse.aether.transfer.ArtifactTransferException: Could not transfer artifact org.springframework:spring-tx:pom:>3.2.2.RELEASE from/to central (https://repo.maven.apache.org/maven2): NullPointerException
	at io.takari.aether.connector.AetherRepositoryConnector$2.wrap(AetherRepositoryConnector.java:895) ~[na:na]
	at io.takari.aether.connector.AetherRepositoryConnector$2.wrap(AetherRepositoryConnector.java:1) ~[na:na]
	at io.takari.aether.connector.AetherRepositoryConnector$GetTask.flush(AetherRepositoryConnector.java:673) ~[na:na]
	at io.takari.aether.connector.AetherRepositoryConnector.get(AetherRepositoryConnector.java:310) ~[na:na]
	at org.eclipse.aether.internal.impl.DefaultArtifactResolver.performDownloads(DefaultArtifactResolver.java:520) ~[na:na]
	at org.eclipse.aether.internal.impl.DefaultArtifactResolver.resolve(DefaultArtifactResolver.java:421) ~[na:na]
	... 25 common frames omitted
Caused by: java.lang.NullPointerException: null
	at io.takari.aether.connector.AetherRepositoryConnector$GetTask.resumableGet(AetherRepositoryConnector.java:571) ~[na:na]
	at io.takari.aether.connector.AetherRepositoryConnector$GetTask.run(AetherRepositoryConnector.java:453) ~[na:na]
	at io.takari.aether.connector.AetherRepositoryConnector.get(AetherRepositoryConnector.java:304) ~[na:na]
	... 27 common frames omitted
2017-05-02 00:13:17,315 [Worker-41] INFO  o.e.m.c.i.l.LifecycleMappingFactory - Using org.maven.ide.eclipse.wtp.WarLifecycleMapping lifecycle mapping for MavenProject: org.alba:boutique:1.0.0-BUILD-SNAPSHOT @ C:\Users\Fode\WorsktationTest\EBoutique\pom.xml.
2017-05-02 00:13:18,790 [Worker-41] WARN  o.e.m.c.i.embedder.EclipseLogger - Using platform encoding (Cp1252 actually) to copy filtered resources, i.e. build is platform dependent!
2017-05-02 00:13:18,794 [Worker-41] INFO  o.e.m.c.i.embedder.EclipseLogger - Copying 0 resource
2017-05-02 00:13:18,797 [Worker-41] WARN  o.e.m.c.i.embedder.EclipseLogger - Using platform encoding (Cp1252 actually) to copy filtered resources, i.e. build is platform dependent!
2017-05-02 00:13:18,798 [Worker-41] INFO  o.e.m.c.i.embedder.EclipseLogger - Copying 0 resource
2017-05-02 00:13:18,799 [Worker-41] INFO  o.e.m.w.i.f.ResourceFilteringBuildParticipant - Changed resources require a complete clean of filtered resources of EBoutique
2017-05-02 00:13:18,799 [Worker-41] INFO  o.e.m.w.i.f.ResourceFilteringBuildParticipant - Executing resource filtering for EBoutique
2017-05-02 00:13:18,807 [Worker-41] WARN  o.e.m.c.i.embedder.EclipseLogger - Using platform encoding (Cp1252 actually) to copy filtered resources, i.e. build is platform dependent!
2017-05-02 00:13:20,727 [Worker-41] WARN  o.e.m.c.i.embedder.EclipseLogger - Using platform encoding (Cp1252 actually) to copy filtered resources, i.e. build is platform dependent!
2017-05-02 00:13:20,732 [Worker-41] INFO  o.e.m.c.i.embedder.EclipseLogger - Copying 2 resources
2017-05-02 00:13:20,771 [Worker-41] WARN  o.e.m.c.i.embedder.EclipseLogger - Using platform encoding (Cp1252 actually) to copy filtered resources, i.e. build is platform dependent!
2017-05-02 00:13:20,775 [Worker-41] INFO  o.e.m.c.i.embedder.EclipseLogger - Copying 1 resource
2017-05-02 00:22:10,762 [Worker-41] WARN  o.e.m.c.i.embedder.EclipseLogger - Using platform encoding (Cp1252 actually) to copy filtered resources, i.e. build is platform dependent!
2017-05-02 00:22:10,767 [Worker-41] INFO  o.e.m.c.i.embedder.EclipseLogger - Copying 1 resource
2017-05-02 00:22:10,834 [Worker-41] WARN  o.e.m.c.i.embedder.EclipseLogger - Using platform encoding (Cp1252 actually) to copy filtered resources, i.e. build is platform dependent!
2017-05-02 00:22:10,836 [Worker-41] INFO  o.e.m.c.i.embedder.EclipseLogger - Copying 0 resource
2017-05-02 00:22:11,981 [Worker-63] WARN  o.e.m.c.i.embedder.EclipseLogger - Using platform encoding (Cp1252 actually) to copy filtered resources, i.e. build is platform dependent!
2017-05-02 00:22:11,983 [Worker-63] INFO  o.e.m.c.i.embedder.EclipseLogger - Copying 0 resource
2017-05-02 00:22:11,989 [Worker-63] WARN  o.e.m.c.i.embedder.EclipseLogger - Using platform encoding (Cp1252 actually) to copy filtered resources, i.e. build is platform dependent!
2017-05-02 00:22:11,992 [Worker-63] INFO  o.e.m.c.i.embedder.EclipseLogger - Copying 0 resource
2017-05-02 00:31:26,386 [Worker-68] WARN  o.e.m.c.i.embedder.EclipseLogger - Using platform encoding (Cp1252 actually) to copy filtered resources, i.e. build is platform dependent!
2017-05-02 00:31:26,389 [Worker-68] INFO  o.e.m.c.i.embedder.EclipseLogger - Copying 1 resource
2017-05-02 00:31:26,402 [Worker-68] WARN  o.e.m.c.i.embedder.EclipseLogger - Using platform encoding (Cp1252 actually) to copy filtered resources, i.e. build is platform dependent!
2017-05-02 00:31:26,405 [Worker-68] INFO  o.e.m.c.i.embedder.EclipseLogger - Copying 0 resource
2017-05-02 00:31:28,425 [Worker-66] INFO  o.e.m.c.i.l.LifecycleMappingFactory - Using org.maven.ide.eclipse.wtp.WarLifecycleMapping lifecycle mapping for MavenProject: org.alba:boutique:1.0.0-BUILD-SNAPSHOT @ C:\Users\Fode\WorsktationTest\EBoutique\pom.xml.
2017-05-02 00:31:30,160 [Worker-66] WARN  o.e.m.c.i.embedder.EclipseLogger - Using platform encoding (Cp1252 actually) to copy filtered resources, i.e. build is platform dependent!
2017-05-02 00:31:30,164 [Worker-66] INFO  o.e.m.c.i.embedder.EclipseLogger - Copying 0 resource
2017-05-02 00:31:30,165 [Worker-66] INFO  o.e.m.w.i.f.ResourceFilteringBuildParticipant - Changed resources require a complete clean of filtered resources of EBoutique
2017-05-02 00:31:30,165 [Worker-66] INFO  o.e.m.w.i.f.ResourceFilteringBuildParticipant - Executing resource filtering for EBoutique
2017-05-02 00:31:30,176 [Worker-66] WARN  o.e.m.c.i.embedder.EclipseLogger - Using platform encoding (Cp1252 actually) to copy filtered resources, i.e. build is platform dependent!
2017-05-02 00:31:31,808 [Worker-65] WARN  o.e.m.c.i.embedder.EclipseLogger - Using platform encoding (Cp1252 actually) to copy filtered resources, i.e. build is platform dependent!
2017-05-02 00:31:31,815 [Worker-65] INFO  o.e.m.c.i.embedder.EclipseLogger - Copying 3 resources
2017-05-02 00:31:31,837 [Worker-65] WARN  o.e.m.c.i.embedder.EclipseLogger - Using platform encoding (Cp1252 actually) to copy filtered resources, i.e. build is platform dependent!
2017-05-02 00:31:31,840 [Worker-65] INFO  o.e.m.c.i.embedder.EclipseLogger - Copying 1 resource
2017-05-02 00:32:49,728 [Worker-68] WARN  o.e.m.c.i.embedder.EclipseLogger - Using platform encoding (Cp1252 actually) to copy filtered resources, i.e. build is platform dependent!
2017-05-02 00:32:49,731 [Worker-68] INFO  o.e.m.c.i.embedder.EclipseLogger - Copying 1 resource
2017-05-02 00:32:49,741 [Worker-68] WARN  o.e.m.c.i.embedder.EclipseLogger - Using platform encoding (Cp1252 actually) to copy filtered resources, i.e. build is platform dependent!
2017-05-02 00:32:49,744 [Worker-68] INFO  o.e.m.c.i.embedder.EclipseLogger - Copying 0 resource
2017-05-02 00:33:02,251 [Worker-67] WARN  o.e.m.c.i.embedder.EclipseLogger - Using platform encoding (Cp1252 actually) to copy filtered resources, i.e. build is platform dependent!
2017-05-02 00:33:02,254 [Worker-67] INFO  o.e.m.c.i.embedder.EclipseLogger - Copying 1 resource
2017-05-02 00:33:02,262 [Worker-67] WARN  o.e.m.c.i.embedder.EclipseLogger - Using platform encoding (Cp1252 actually) to copy filtered resources, i.e. build is platform dependent!
2017-05-02 00:33:02,264 [Worker-67] INFO  o.e.m.c.i.embedder.EclipseLogger - Copying 0 resource
